This file contains any messages produced by compilers while
running configure, to aid debugging if configure makes a mistake.

It was created by stackds configure 0.1, which was
generated by GNU Autoconf 2.69.  Invocation command line was

  $ ./configure 

## --------- ##
## Platform. ##
## --------- ##

hostname = emmett-sandybridge
uname -m = x86_64
uname -r = 5.0.0-23-generic
uname -s = Linux
uname -v = #24-Ubuntu SMP Mon Jul 29 15:36:44 UTC 2019

/usr/bin/uname -p = x86_64
/bin/uname -X     = unknown

/bin/arch              = x86_64
/usr/bin/arch -k       = unknown
/usr/convex/getsysinfo = unknown
/usr/bin/hostinfo      = unknown
/bin/machine           = unknown
/usr/bin/oslevel       = unknown
/bin/universe          = unknown

PATH: /usr/local/sbin
PATH: /usr/local/bin
PATH: /usr/sbin
PATH: /usr/bin
PATH: /sbin
PATH: /bin
PATH: /usr/games
PATH: /usr/local/games


## ----------- ##
## Core tests. ##
## ----------- ##

configure:1777: checking for a BSD-compatible install
configure:1845: result: /usr/bin/install -c
configure:1856: checking whether build environment is sane
configure:1911: result: yes
configure:2060: checking for a thread-safe mkdir -p
configure:2099: result: /usr/bin/mkdir -p
configure:2106: checking for gawk
configure:2136: result: no
configure:2106: checking for mawk
configure:2122: found /usr/bin/mawk
configure:2133: result: mawk
configure:2144: checking whether make sets $(MAKE)
configure:2166: result: yes
configure:2195: checking whether make supports nested variables
configure:2212: result: yes
configure:2351: checking for python
configure:2369: found /usr/bin/python
configure:2381: result: /usr/bin/python
configure:2402: checking for python version
configure:2409: result: 2.7
configure:2421: checking for python platform
configure:2428: result: linux2
configure:2454: checking for python script directory
configure:2489: result: ${prefix}/lib/python2.7/dist-packages
configure:2498: checking for python extension module directory
configure:2533: result: ${exec_prefix}/lib/python2.7/dist-packages
configure:2656: checking that generated files are newer than configure
configure:2662: result: done
configure:2670: creating ./config.status

## ---------------------- ##
## Running config.status. ##
## ---------------------- ##

This file was extended by stackds config.status 0.1, which was
generated by GNU Autoconf 2.69.  Invocation command line was

  CONFIG_FILES    = 
  CONFIG_HEADERS  = 
  CONFIG_LINKS    = 
  CONFIG_COMMANDS = 
  $ ./config.status 

on emmett-sandybridge

config.status:816: creating Makefile
config.status:816: creating src/Makefile
config.status:816: creating config.h
config.status:997: config.h is unchanged

## ---------------- ##
## Cache variables. ##
## ---------------- ##

ac_cv_env_PYTHON_set=
ac_cv_env_PYTHON_value=
ac_cv_env_build_alias_set=
ac_cv_env_build_alias_value=
ac_cv_env_host_alias_set=
ac_cv_env_host_alias_value=
ac_cv_env_target_alias_set=
ac_cv_env_target_alias_value=
ac_cv_path_PYTHON=/usr/bin/python
ac_cv_path_install='/usr/bin/install -c'
ac_cv_path_mkdir=/usr/bin/mkdir
ac_cv_prog_AWK=mawk
ac_cv_prog_make_make_set=yes
am_cv_make_support_nested_variables=yes
am_cv_python_platform=linux2
am_cv_python_pyexecdir='${exec_prefix}/lib/python2.7/dist-packages'
am_cv_python_pythondir='${prefix}/lib/python2.7/dist-packages'
am_cv_python_version=2.7

## ----------------- ##
## Output variables. ##
## ----------------- ##

ACLOCAL='${SHELL} /home/emmett/Projects/StackDS-Releases/stackds/missing aclocal-1.16'
AMTAR='$${TAR-tar}'
AM_BACKSLASH='\'
AM_DEFAULT_V='$(AM_DEFAULT_VERBOSITY)'
AM_DEFAULT_VERBOSITY='1'
AM_V='$(V)'
AUTOCONF='${SHELL} /home/emmett/Projects/StackDS-Releases/stackds/missing autoconf'
AUTOHEADER='${SHELL} /home/emmett/Projects/StackDS-Releases/stackds/missing autoheader'
AUTOMAKE='${SHELL} /home/emmett/Projects/StackDS-Releases/stackds/missing automake-1.16'
AWK='mawk'
CYGPATH_W='echo'
DEFS='-DHAVE_CONFIG_H'
ECHO_C=''
ECHO_N='-n'
ECHO_T=''
INSTALL_DATA='${INSTALL} -m 644'
INSTALL_PROGRAM='${INSTALL}'
INSTALL_SCRIPT='${INSTALL}'
INSTALL_STRIP_PROGRAM='$(install_sh) -c -s'
LIBOBJS=''
LIBS=''
LTLIBOBJS=''
MAKEINFO='${SHELL} /home/emmett/Projects/StackDS-Releases/stackds/missing makeinfo'
MKDIR_P='/usr/bin/mkdir -p'
PACKAGE='stackds'
PACKAGE_BUGREPORT=''
PACKAGE_NAME='stackds'
PACKAGE_STRING='stackds 0.1'
PACKAGE_TARNAME='stackds'
PACKAGE_URL=''
PACKAGE_VERSION='0.1'
PATH_SEPARATOR=':'
PYTHON='/usr/bin/python'
PYTHON_EXEC_PREFIX='${exec_prefix}'
PYTHON_PLATFORM='linux2'
PYTHON_PREFIX='${prefix}'
PYTHON_VERSION='2.7'
SET_MAKE=''
SHELL='/bin/bash'
STRIP=''
VERSION='0.1'
am__isrc=''
am__leading_dot='.'
am__tar='$${TAR-tar} chof - "$$tardir"'
am__untar='$${TAR-tar} xf -'
bindir='${exec_prefix}/bin'
build_alias=''
datadir='${datarootdir}'
datarootdir='${prefix}/share'
docdir='${datarootdir}/doc/${PACKAGE_TARNAME}'
dvidir='${docdir}'
exec_prefix='${prefix}'
host_alias=''
htmldir='${docdir}'
includedir='${prefix}/include'
infodir='${datarootdir}/info'
install_sh='${SHELL} /home/emmett/Projects/StackDS-Releases/stackds/install-sh'
libdir='${exec_prefix}/lib'
libexecdir='${exec_prefix}/libexec'
localedir='${datarootdir}/locale'
localstatedir='${prefix}/var'
mandir='${datarootdir}/man'
mkdir_p='$(MKDIR_P)'
oldincludedir='/usr/include'
pdfdir='${docdir}'
pkgpyexecdir='${pyexecdir}/stackds'
pkgpythondir='${pythondir}/stackds'
prefix='/usr/local'
program_transform_name='s,x,x,'
psdir='${docdir}'
pyexecdir='${exec_prefix}/lib/python2.7/dist-packages'
pythondir='${prefix}/lib/python2.7/dist-packages'
runstatedir='${localstatedir}/run'
sbindir='${exec_prefix}/sbin'
sharedstatedir='${prefix}/com'
sysconfdir='${prefix}/etc'
target_alias=''

## ----------- ##
## confdefs.h. ##
## ----------- ##

/* confdefs.h */
#define PACKAGE_NAME "stackds"
#define PACKAGE_TARNAME "stackds"
#define PACKAGE_VERSION "0.1"
#define PACKAGE_STRING "stackds 0.1"
#define PACKAGE_BUGREPORT ""
#define PACKAGE_URL ""
#define PACKAGE "stackds"
#define VERSION "0.1"

configure: exit 0
